<?xml version="1.0" encoding="UTF-8"?>
<Site BuildName="(empty)"
	BuildStamp="20260416-1132-Experimental"
	Name="(empty)"
	Generator="ctest-3.28.3"
	CompilerName=""
	CompilerVersion=""
	OSName="Linux"
	Hostname="NUGGETS"
	OSRelease="6.17.0-20-generic"
	OSVersion="#20~24.04.1-Ubuntu SMP PREEMPT_DYNAMIC Thu Mar 19 01:28:37 UTC 2"
	OSPlatform="x86_64"
	Is64Bits="1"
	VendorString="GenuineIntel"
	VendorID="Intel Corporation"
	FamilyID="6"
	ModelID="154"
	ProcessorCacheSize="12288"
	NumberOfLogicalCPU="12"
	NumberOfPhysicalCPU="8"
	TotalVirtualMemory="4095"
	TotalPhysicalMemory="15695"
	LogicalProcessorsPerPhysical="1"
	ProcessorClockFrequency="3124.53"
	>
	<Testing>
		<StartDateTime>Apr 16 14:34 MSK</StartDateTime>
		<StartTestTime>1776339275</StartTestTime>
		<TestList/>
		<EndDateTime>Apr 16 14:34 MSK</EndDateTime>
		<EndTestTime>1776339275</EndTestTime>
		<ElapsedMinutes>0</ElapsedMinutes>
	</Testing>
</Site>
