<?xml version="1.0" encoding="UTF-8"?>
<Site BuildName="(empty)"
	BuildStamp="20260224-1627-Experimental"
	Name="(empty)"
	Generator="ctest-3.28.3"
	CompilerName=""
	CompilerVersion=""
	OSName="Linux"
	Hostname="NUGGETS"
	OSRelease="6.17.0-14-generic"
	OSVersion="#14~24.04.1-Ubuntu SMP PREEMPT_DYNAMIC Thu Jan 15 15:52:10 UTC 2"
	OSPlatform="x86_64"
	Is64Bits="1"
	VendorString="GenuineIntel"
	VendorID="Intel Corporation"
	FamilyID="6"
	ModelID="154"
	ProcessorCacheSize="12288"
	NumberOfLogicalCPU="12"
	NumberOfPhysicalCPU="8"
	TotalVirtualMemory="4095"
	TotalPhysicalMemory="15695"
	LogicalProcessorsPerPhysical="1"
	ProcessorClockFrequency="546.97"
	>
	<Testing>
		<StartDateTime>Feb 24 19:27 MSK</StartDateTime>
		<StartTestTime>1771950461</StartTestTime>
		<TestList/>
		<EndDateTime>Feb 24 19:27 MSK</EndDateTime>
		<EndTestTime>1771950461</EndTestTime>
		<ElapsedMinutes>0</ElapsedMinutes>
	</Testing>
</Site>
